<?xml version="1.0" encoding="UTF-8"?>
<Site BuildName="(empty)"
	BuildStamp="20260114-1920-Experimental"
	Name="zech-computer"
	Generator="ctest-3.22.1"
	CompilerName="/usr/bin/g++"
	CompilerVersion="11.4.0"
	OSName="Linux"
	Hostname="zech-computer"
	OSRelease="6.8.0-90-generic"
	OSVersion="#91~22.04.1-Ubuntu SMP PREEMPT_DYNAMIC Thu Nov 20 15:20:45 UTC 2"
	OSPlatform="x86_64"
	Is64Bits="1"
	VendorString="GenuineIntel"
	VendorID="Intel Corporation"
	FamilyID="6"
	ModelID="183"
	ProcessorCacheSize="24576"
	NumberOfLogicalCPU="20"
	NumberOfPhysicalCPU="14"
	TotalVirtualMemory="2047"
	TotalPhysicalMemory="31710"
	LogicalProcessorsPerPhysical="1"
	ProcessorClockFrequency="800.143"
	>
	<Testing>
		<StartDateTime>Jan 14 14:20 EST</StartDateTime>
		<StartTestTime>1768418409</StartTestTime>
		<TestList/>
		<EndDateTime>Jan 14 14:20 EST</EndDateTime>
		<EndTestTime>1768418409</EndTestTime>
		<ElapsedMinutes>0</ElapsedMinutes>
	</Testing>
</Site>
