<?xml version="1.0" encoding="UTF-8"?>
<Site BuildName="(empty)"
	BuildStamp="20251228-2118-Experimental"
	Name="zech-computer"
	Generator="ctest-3.22.1"
	CompilerName="/usr/bin/g++"
	CompilerVersion="11.4.0"
	OSName="Linux"
	Hostname="zech-computer"
	OSRelease="6.8.0-87-generic"
	OSVersion="#88~22.04.1-Ubuntu SMP PREEMPT_DYNAMIC Tue Oct 14 14:03:14 UTC 2"
	OSPlatform="x86_64"
	Is64Bits="1"
	VendorString="GenuineIntel"
	VendorID="Intel Corporation"
	FamilyID="6"
	ModelID="183"
	ProcessorCacheSize="24576"
	NumberOfLogicalCPU="20"
	NumberOfPhysicalCPU="14"
	TotalVirtualMemory="2047"
	TotalPhysicalMemory="31710"
	LogicalProcessorsPerPhysical="1"
	ProcessorClockFrequency="4688.7"
	>
	<Testing>
		<StartDateTime>Dec 28 16:18 EST</StartDateTime>
		<StartTestTime>1766956709</StartTestTime>
		<TestList/>
		<EndDateTime>Dec 28 16:18 EST</EndDateTime>
		<EndTestTime>1766956709</EndTestTime>
		<ElapsedMinutes>0</ElapsedMinutes>
	</Testing>
</Site>
